<?xml version="1.0" encoding="UTF-8"?>
<testng-results ignored="0" total="1" passed="1" failed="0" skipped="0">
  <reporter-output>
  </reporter-output>
  <suite started-at="2019-01-21T14:51:45Z" name="Default suite" finished-at="2019-01-21T14:52:54Z" duration-ms="68281">
    <groups>
    </groups>
    <test started-at="2019-01-21T14:51:45Z" name="Default test" finished-at="2019-01-21T14:52:54Z" duration-ms="68281">
      <class name="comcarousellTestcases.VerifyCarousellInbox">
        <test-method signature="verifyInboxMsg()[pri:0, instance:comcarousellTestcases.VerifyCarousellInbox@49e5f737]" started-at="2019-01-21T14:51:45Z" name="verifyInboxMsg" finished-at="2019-01-21T14:52:54Z" duration-ms="68217" status="PASS">
          <reporter-output>
          </reporter-output>
        </test-method> <!-- verifyInboxMsg -->
      </class> <!-- comcarousellTestcases.VerifyCarousellInbox -->
    </test> <!-- Default test -->
  </suite> <!-- Default suite -->
</testng-results>
